<?xml version="1.0" encoding="UTF-8"?>
<testng-results ignored="0" total="1" passed="1" failed="0" skipped="0">
  <reporter-output>
  </reporter-output>
  <suite started-at="2024-12-24T11:01:49 IST" name="Default suite" finished-at="2024-12-24T13:42:21 IST" duration-ms="9631440">
    <groups>
    </groups>
    <test started-at="2024-12-24T11:01:49 IST" name="Default test" finished-at="2024-12-24T13:42:21 IST" duration-ms="9631440">
      <class name="Project.tc">
        <test-method signature="Capture()[pri:0, instance:Project.tc@682b2fa]" started-at="2024-12-24T11:01:49 IST" name="Capture" finished-at="2024-12-24T13:42:21 IST" duration-ms="9631345" status="PASS">
          <reporter-output>
          </reporter-output>
        </test-method> <!-- Capture -->
      </class> <!-- Project.tc -->
    </test> <!-- Default test -->
  </suite> <!-- Default suite -->
</testng-results>
